{"/Users/aaronglenn/alchemy/career-track/04LabCT/models/Deserts.js": {"path":"/Users/aaronglenn/alchemy/career-track/04LabCT/models/Deserts.js","statementMap":{"0":{"start":{"line":1,"column":17},"end":{"line":1,"column":36}},"1":{"start":{"line":3,"column":15},"end":{"line":21,"column":2}},"2":{"start":{"line":23,"column":0},"end":{"line":23,"column":51}}},"fnMap":{},"branchMap":{},"s":{"0":1,"1":1,"2":1},"f":{},"b":{},"_coverageSchema":"43e27e138ebf9cfc5966b082cf9a028302ed4184","hash":"f9324ce73bcf64a2924e73f587232e7c47236606"}
,"/Users/aaronglenn/alchemy/career-track/04LabCT/models/Forests.js": {"path":"/Users/aaronglenn/alchemy/career-track/04LabCT/models/Forests.js","statementMap":{"0":{"start":{"line":1,"column":17},"end":{"line":1,"column":36}},"1":{"start":{"line":3,"column":15},"end":{"line":21,"column":2}},"2":{"start":{"line":23,"column":0},"end":{"line":23,"column":51}}},"fnMap":{},"branchMap":{},"s":{"0":1,"1":1,"2":1},"f":{},"b":{},"_coverageSchema":"43e27e138ebf9cfc5966b082cf9a028302ed4184","hash":"562eb16eb67c4ca6aa1674f45369fd92aca4a3b6"}
,"/Users/aaronglenn/alchemy/career-track/04LabCT/models/Lakes.js": {"path":"/Users/aaronglenn/alchemy/career-track/04LabCT/models/Lakes.js","statementMap":{"0":{"start":{"line":1,"column":17},"end":{"line":1,"column":36}},"1":{"start":{"line":3,"column":15},"end":{"line":21,"column":2}},"2":{"start":{"line":23,"column":0},"end":{"line":23,"column":49}}},"fnMap":{},"branchMap":{},"s":{"0":1,"1":1,"2":1},"f":{},"b":{},"_coverageSchema":"43e27e138ebf9cfc5966b082cf9a028302ed4184","hash":"6c529b0b4eb4fa85d89334d7d2c54f4ad36cb9c3"}
,"/Users/aaronglenn/alchemy/career-track/04LabCT/models/Mountians.js": {"path":"/Users/aaronglenn/alchemy/career-track/04LabCT/models/Mountians.js","statementMap":{"0":{"start":{"line":1,"column":17},"end":{"line":1,"column":36}},"1":{"start":{"line":3,"column":15},"end":{"line":20,"column":2}},"2":{"start":{"line":22,"column":0},"end":{"line":22,"column":53}}},"fnMap":{},"branchMap":{},"s":{"0":1,"1":1,"2":1},"f":{},"b":{},"_coverageSchema":"43e27e138ebf9cfc5966b082cf9a028302ed4184","hash":"333f852e7feadb752c99d00b3405d9f054573f18"}
,"/Users/aaronglenn/alchemy/career-track/04LabCT/models/Oceans.js": {"path":"/Users/aaronglenn/alchemy/career-track/04LabCT/models/Oceans.js","statementMap":{"0":{"start":{"line":1,"column":17},"end":{"line":1,"column":36}},"1":{"start":{"line":3,"column":15},"end":{"line":21,"column":2}},"2":{"start":{"line":23,"column":0},"end":{"line":23,"column":50}}},"fnMap":{},"branchMap":{},"s":{"0":1,"1":1,"2":1},"f":{},"b":{},"_coverageSchema":"43e27e138ebf9cfc5966b082cf9a028302ed4184","hash":"9ccc7b7282375bf3d1b03ce0a05f74141b978416"}
}
